1715912095616:login
1715912112324:help
1715912121280:quit
1715918510667:logout
1715920035418:city
1715920037971:login
1715920046081:login 1 1
1715920058447:logout
1715928754253:cities
1715928761444:city
1715936035708:logout
1715936038812:quit
1715936393938:sector 동두천시
1715936694200:sector 파주시
1715936697093:sector파주시
1715936858817:sector 동두천시
1715936880493:city
1715936961435:sector 동두천시
1715938364340:sector 동두천시 가정용
1715938528177:price 동두천시 가정용
1715938804489:price 동두천시 가정ㅇ용
1715938814843:price 동두천시 가정용
1715945131037:bill-total 동두천시 가정용 10
1716015926627:bill-total 동두천시 가정용 1-
1716015937496:bill-total 동두천시 가정용 10
1716017638034:cites
1716017639893:city
1716017657088:sector 동두천시
1716017673320:bill-total 동두천시 가정용 10
1716017720727:city
1716017817011:logout
1716017937886:sector 파주시
1716017990870:bill-total 파주시 가정용 10
1716021199291:city
1716021202424:sector 동두천시
1716021223257:bill-total 동두천시 가정용 10
1716030059507:login 1 2
1716030068017:login 1 1
1716030099095:current-user
1716030136591:cit
1716030138649:city
1716030816850:login 1 1
1716030823023:current-user
1716031381867:login 1 1
1716031384401:current-user
1716031389065:logout
1716031393011:current-user
1716085153460:city
1716085155436:login 1 1
1716085158338:logout
1716086430967:city
1716086811741:logout
1716086817056:current-user
1716086819751:sector
1716086823671:sector adsf
1716086861083:city
1716089443430:ciry
1716089444580:city
1716089477338:login 1 1
1716089480616:city
1716091061823:bill-total 동두천시 가정용
1716091075003:bill-total 동두천시 가정용 10
1716091211034:city
1716091234779:login 1 1
1716091240289:current-user
1716091242574:logout
1716091247105:current-user
1716091436878:city
1716091438455:login 1 1
1716091440749:city
1716091446031:bill-total 동두천시 가정용 10
1716091467587:login 1 1
1716091477221:bill-total 동두천시 가정용 10
1716091501127:login 1 1
1716091507317:bill-total 동두천시 가정용 10
1716091510079:벼ㅑㅅ
1716091511719:quit
1716091637823:city
1716091640671:login 1 1
1716091645414:sector 동두천시
1716091763791:login 1 1
1716091771363:sector 동두처닛
1716091776282:sector 동두천시
1716091785027:bill-total 동두천시 가정용 10
1716092176669:login 1 1
1716092182591:price 동두천시 가정용
1716092194373:price 동두천시 업소용
1716092210587:price 동두천시 일반용
1716092232608:bill-total 동두천시 일반용
1716092239985:bill-total 동두천시 일반용 10
1716092251053:price 동두천시
1716092253490:city
1716092305159:login 1 1
1716092306024:city
1716092314212:bill-total 동두천시 일반용 10
1716092322016:sector 동두천시
1716092328182:sector 광주시
1716092333503:sector 동두천시
1716092350257:city 동두천시
1716092355102:city
1716092359526:sector
1716092509896:login 1 1
1716092512440:city
1716092542920:sector 동두천시
1716092548860:city
1716092554107:sector 광주시
1716092557325:city
1716092566899:price 광주시 일반용
1716092573188:city
1716092871829:sad
1716092874336:sector
1716092876351:city
1716092878181:login 1 1
1716092879349:city
1716092884810:sector 동두천시
1716092890128:sector 광주시
1716092892982:city
1716092899544:price 동두천시 가정용
1716092902355:city
1716092908544:sector 단양군
1716092922138:bill-total 광주시 가정용 10
1716092946312:login 1 1
1716092949501:city
1716092955428:price 동두천시 가정용
1716092958041:city
1716093735936:login 1 1
1716093738852:city
1716093741662:secotr 동두천시
1716093745967:sector 광주시
1716093748325:city
1716093753713:price 동두천시 가정요ㅕㅇ
1716093759858:price 동두천시 가정용
1716093762338:city
1716093769921:sector양주시
1716093773398:sector 양주시
1716093789641:bill-total 광주시 가정용 10
1716099194201:ㅣㅐ햐ㅜ
1716099196875:current-user
1716099199180:logout
1716099203362:login 2 2
1716099206924:city
1716101490467:login 1 1
1716101658140:city
1716101661076:login 1 1
1716123127861:login1  1
1716123129481:login 1 1
1716123244175:city
1716123263032:current-user
1716123265224:logout
1716123267328:city
1716123273094:login 2 2
1716123281737:city
1716123385673:login 1 1
1716123396879:city
1716123437721:login 1 1
1716123454917:city
1716123598075:login 1 1
1716123599500:city
1716123737723:login 1 1
1716123738681:city
1716123823491:login 1 1
1716126093251:city
1716126097541:sector 동두천시
1716126099774:city
1716126109335:bill-total 동두천시 가정용 10
1716126115607:city
1716126120578:logout
1716126122438:login 1 1
1716126126089:current-user
1716126128733:logout
1716126130720:current-user
